<?xml version="1.0" encoding="UTF-8"?>
<!-- Generated by org.testng.reporters.JUnitXMLReporter -->
<testsuite ignored="1" hostname="Sathish-PC" failures="0" tests="1" name="Test" time="6.016" errors="0" timestamp="2024-10-03T12:34:51 BST">
  <testcase classname="testCases.TC001_AccountRegistrationTest" name="verify_account_registration" time="2.073"/>
  <testcase classname="testCases.TC002_LoginTest" name="verify_login" time="0.0">
    <ignored/>
  </testcase> <!-- verify_login -->
</testsuite> <!-- Test -->
